# JRE version: OpenJDK Runtime Environment JBR-21.0.4+13-509.17-jcef (21.0.4+13) (build 21.0.4+13-b509.17)
# Java VM: OpenJDK 64-Bit Server VM JBR-21.0.4+13-509.17-jcef (21.0.4+13-b509.17, mixed mode, tiered, compressed oops, compressed class ptrs, g1 gc, windows-amd64)
GC Precious Log:
 CardTable entry size: 512
 Card Set container configuration: InlinePtr #cards 5 size 8 Array Of Cards #cards 12 size 40 Howl #buckets 4 coarsen threshold 1843 Howl Bitmap #cards 512 size 80 coarsen threshold 460 Card regions per heap region 1 cards per card region 2048
 CPUs: 16 total, 16 available
 Memory: 6005M
 Large Page Support: Disabled
 NUMA Support: Disabled
 Compressed Oops: Enabled (32-bit)
 Heap Region Size: 1M
 Heap Min Capacity: 8M
 Heap Initial Capacity: 94M
 Heap Max Capacity: 2G
 Pre-touch: Disabled
 Parallel Workers: 13
 Concurrent Workers: 3
 Concurrent Refinement Workers: 13
 Periodic GC: Disabled
Heap:
 garbage-first heap   total 124928K, used 78165K [0x0000000080000000, 0x0000000100000000)
  region size 1024K, 18 young (18432K), 7 survivors (7168K)
 Metaspace       used 93576K, committed 95168K, reserved 1179648K
  class space    used 11944K, committed 12736K, reserved 1048576K
GC Heap History (20 events):
Event: 9.128 GC heap before
{Heap before GC invocations=11 (full 0):
 garbage-first heap   total 76800K, used 68223K [0x0000000080000000, 0x0000000100000000)
  region size 1024K, 35 young (35840K), 3 survivors (3072K)
 Metaspace       used 55172K, committed 56384K, reserved 1114112K
  class space    used 7509K, committed 8064K, reserved 1048576K
}
Event: 9.130 GC heap after
{Heap after GC invocations=12 (full 0):
 garbage-first heap   total 92160K, used 34409K [0x0000000080000000, 0x0000000100000000)
  region size 1024K, 4 young (4096K), 4 survivors (4096K)
 Metaspace       used 55172K, committed 56384K, reserved 1114112K
  class space    used 7509K, committed 8064K, reserved 1048576K
}
Event: 9.446 GC heap before
{Heap before GC invocations=12 (full 0):
 garbage-first heap   total 92160K, used 58985K [0x0000000080000000, 0x0000000100000000)
  region size 1024K, 29 young (29696K), 4 survivors (4096K)
 Metaspace       used 58834K, committed 60096K, reserved 1114112K
  class space    used 7975K, committed 8640K, reserved 1048576K
}
Event: 9.449 GC heap after
{Heap after GC invocations=13 (full 0):
 garbage-first heap   total 92160K, used 35119K [0x0000000080000000, 0x0000000100000000)
  region size 1024K, 5 young (5120K), 5 survivors (5120K)
 Metaspace       used 58834K, committed 60096K, reserved 1114112K
  class space    used 7975K, committed 8640K, reserved 1048576K
}
Event: 10.116 GC heap before
{Heap before GC invocations=14 (full 0):
 garbage-first heap   total 92160K, used 81199K [0x0000000080000000, 0x0000000100000000)
  region size 1024K, 50 young (51200K), 5 survivors (5120K)
 Metaspace       used 66688K, committed 67968K, reserved 1114112K
  class space    used 8945K, committed 9600K, reserved 1048576K
}
Event: 10.119 GC heap after
{Heap after GC invocations=15 (full 0):
 garbage-first heap   total 92160K, used 36088K [0x0000000080000000, 0x0000000100000000)
  region size 1024K, 4 young (4096K), 4 survivors (4096K)
 Metaspace       used 66688K, committed 67968K, reserved 1114112K
  class space    used 8945K, committed 9600K, reserved 1048576K
}
Event: 10.416 GC heap before
{Heap before GC invocations=15 (full 0):
 garbage-first heap   total 92160K, used 88312K [0x0000000080000000, 0x0000000100000000)
  region size 1024K, 48 young (49152K), 4 survivors (4096K)
 Metaspace       used 68241K, committed 69568K, reserved 1114112K
  class space    used 9091K, committed 9728K, reserved 1048576K
}
Event: 10.424 GC heap after
{Heap after GC invocations=16 (full 0):
 garbage-first heap   total 103424K, used 45826K [0x0000000080000000, 0x0000000100000000)
  region size 1024K, 6 young (6144K), 6 survivors (6144K)
 Metaspace       used 68241K, committed 69568K, reserved 1114112K
  class space    used 9091K, committed 9728K, reserved 1048576K
}
Event: 10.736 GC heap before
{Heap before GC invocations=16 (full 0):
 garbage-first heap   total 103424K, used 69378K [0x0000000080000000, 0x0000000100000000)
  region size 1024K, 30 young (30720K), 6 survivors (6144K)
 Metaspace       used 71961K, committed 73280K, reserved 1114112K
  class space    used 9504K, committed 10176K, reserved 1048576K
}
Event: 10.741 GC heap after
{Heap after GC invocations=17 (full 0):
 garbage-first heap   total 103424K, used 48149K [0x0000000080000000, 0x0000000100000000)
  region size 1024K, 2 young (2048K), 2 survivors (2048K)
 Metaspace       used 71961K, committed 73280K, reserved 1114112K
  class space    used 9504K, committed 10176K, reserved 1048576K
}
Event: 11.312 GC heap before
{Heap before GC invocations=18 (full 0):
 garbage-first heap   total 103424K, used 96277K [0x0000000080000000, 0x0000000100000000)
  region size 1024K, 42 young (43008K), 2 survivors (2048K)
 Metaspace       used 76723K, committed 78016K, reserved 1179648K
  class space    used 9939K, committed 10560K, reserved 1048576K
}
Event: 11.314 GC heap after
{Heap after GC invocations=19 (full 0):
 garbage-first heap   total 103424K, used 58270K [0x0000000080000000, 0x0000000100000000)
  region size 1024K, 5 young (5120K), 5 survivors (5120K)
 Metaspace       used 76723K, committed 78016K, reserved 1179648K
  class space    used 9939K, committed 10560K, reserved 1048576K
}
Event: 11.673 GC heap before
{Heap before GC invocations=19 (full 0):
 garbage-first heap   total 103424K, used 91038K [0x0000000080000000, 0x0000000100000000)
  region size 1024K, 37 young (37888K), 5 survivors (5120K)
 Metaspace       used 80722K, committed 82368K, reserved 1179648K
  class space    used 10453K, committed 11264K, reserved 1048576K
}
Event: 11.677 GC heap after
{Heap after GC invocations=20 (full 0):
 garbage-first heap   total 103424K, used 59268K [0x0000000080000000, 0x0000000100000000)
  region size 1024K, 2 young (2048K), 2 survivors (2048K)
 Metaspace       used 80722K, committed 82368K, reserved 1179648K
  class space    used 10453K, committed 11264K, reserved 1048576K
}
Event: 12.168 GC heap before
{Heap before GC invocations=20 (full 0):
 garbage-first heap   total 103424K, used 94084K [0x0000000080000000, 0x0000000100000000)
  region size 1024K, 36 young (36864K), 2 survivors (2048K)
 Metaspace       used 85470K, committed 87104K, reserved 1179648K
  class space    used 11062K, committed 11904K, reserved 1048576K
}
Event: 12.172 GC heap after
{Heap after GC invocations=21 (full 0):
 garbage-first heap   total 124928K, used 61327K [0x0000000080000000, 0x0000000100000000)
  region size 1024K, 4 young (4096K), 4 survivors (4096K)
 Metaspace       used 85470K, committed 87104K, reserved 1179648K
  class space    used 11062K, committed 11904K, reserved 1048576K
}
Event: 12.737 GC heap before
{Heap before GC invocations=22 (full 0):
 garbage-first heap   total 124928K, used 113551K [0x0000000080000000, 0x0000000100000000)
  region size 1024K, 54 young (55296K), 4 survivors (4096K)
 Metaspace       used 88544K, committed 90176K, reserved 1179648K
  class space    used 11414K, committed 12224K, reserved 1048576K
}
Event: 12.741 GC heap after
{Heap after GC invocations=23 (full 0):
 garbage-first heap   total 124928K, used 64430K [0x0000000080000000, 0x0000000100000000)
  region size 1024K, 6 young (6144K), 6 survivors (6144K)
 Metaspace       used 88544K, committed 90176K, reserved 1179648K
  class space    used 11414K, committed 12224K, reserved 1048576K
}
Event: 13.280 GC heap before
{Heap before GC invocations=23 (full 0):
 garbage-first heap   total 124928K, used 110510K [0x0000000080000000, 0x0000000100000000)
  region size 1024K, 51 young (52224K), 6 survivors (6144K)
 Metaspace       used 91993K, committed 93632K, reserved 1179648K
  class space    used 11775K, committed 12608K, reserved 1048576K
}
Event: 13.286 GC heap after
{Heap after GC invocations=24 (full 0):
 garbage-first heap   total 124928K, used 67925K [0x0000000080000000, 0x0000000100000000)
  region size 1024K, 7 young (7168K), 7 survivors (7168K)
 Metaspace       used 91993K, committed 93632K, reserved 1179648K
  class space    used 11775K, committed 12608K, reserved 1048576K
}

