# JRE version: OpenJDK Runtime Environment JBR-21.0.4+13-509.17-jcef (21.0.4+13) (build 21.0.4+13-b509.17)
# Java VM: OpenJDK 64-Bit Server VM JBR-21.0.4+13-509.17-jcef (21.0.4+13-b509.17, mixed mode, tiered, compressed oops, compressed class ptrs, g1 gc, windows-amd64)
GC Precious Log:
 CardTable entry size: 512
 Card Set container configuration: InlinePtr #cards 5 size 8 Array Of Cards #cards 12 size 40 Howl #buckets 4 coarsen threshold 1843 Howl Bitmap #cards 512 size 80 coarsen threshold 460 Card regions per heap region 1 cards per card region 2048
 CPUs: 16 total, 16 available
 Memory: 6005M
 Large Page Support: Disabled
 NUMA Support: Disabled
 Compressed Oops: Enabled (32-bit)
 Heap Region Size: 1M
 Heap Min Capacity: 8M
 Heap Initial Capacity: 94M
 Heap Max Capacity: 2G
 Pre-touch: Disabled
 Parallel Workers: 13
 Concurrent Workers: 3
 Concurrent Refinement Workers: 13
 Periodic GC: Disabled
Heap:
 garbage-first heap   total 174080K, used 144189K [0x0000000080000000, 0x0000000100000000)
  region size 1024K, 41 young (41984K), 4 survivors (4096K)
 Metaspace       used 116185K, committed 118400K, reserved 1179648K
  class space    used 15288K, committed 16384K, reserved 1048576K
GC Heap History (20 events):
Event: 19.673 GC heap before
{Heap before GC invocations=31 (full 0):
 garbage-first heap   total 112640K, used 93910K [0x0000000080000000, 0x0000000100000000)
  region size 1024K, 32 young (32768K), 5 survivors (5120K)
 Metaspace       used 88350K, committed 90240K, reserved 1179648K
  class space    used 11594K, committed 12544K, reserved 1048576K
}
Event: 19.677 GC heap after
{Heap after GC invocations=32 (full 0):
 garbage-first heap   total 112640K, used 68719K [0x0000000080000000, 0x0000000100000000)
  region size 1024K, 2 young (2048K), 2 survivors (2048K)
 Metaspace       used 88350K, committed 90240K, reserved 1179648K
  class space    used 11594K, committed 12544K, reserved 1048576K
}
Event: 20.614 GC heap before
{Heap before GC invocations=32 (full 0):
 garbage-first heap   total 112640K, used 101487K [0x0000000080000000, 0x0000000100000000)
  region size 1024K, 34 young (34816K), 2 survivors (2048K)
 Metaspace       used 94684K, committed 96512K, reserved 1179648K
  class space    used 12881K, committed 13824K, reserved 1048576K
}
Event: 20.632 GC heap after
{Heap after GC invocations=33 (full 0):
 garbage-first heap   total 112640K, used 68487K [0x0000000080000000, 0x0000000100000000)
  region size 1024K, 2 young (2048K), 2 survivors (2048K)
 Metaspace       used 94684K, committed 96512K, reserved 1179648K
  class space    used 12881K, committed 13824K, reserved 1048576K
}
Event: 20.767 GC heap before
{Heap before GC invocations=33 (full 0):
 garbage-first heap   total 112640K, used 69511K [0x0000000080000000, 0x0000000100000000)
  region size 1024K, 4 young (4096K), 2 survivors (2048K)
 Metaspace       used 95146K, committed 96960K, reserved 1179648K
  class space    used 12933K, committed 13824K, reserved 1048576K
}
Event: 20.771 GC heap after
{Heap after GC invocations=34 (full 0):
 garbage-first heap   total 112640K, used 68735K [0x0000000080000000, 0x0000000100000000)
  region size 1024K, 3 young (3072K), 3 survivors (3072K)
 Metaspace       used 95146K, committed 96960K, reserved 1179648K
  class space    used 12933K, committed 13824K, reserved 1048576K
}
Event: 21.180 GC heap before
{Heap before GC invocations=35 (full 0):
 garbage-first heap   total 128000K, used 107647K [0x0000000080000000, 0x0000000100000000)
  region size 1024K, 34 young (34816K), 3 survivors (3072K)
 Metaspace       used 95453K, committed 97344K, reserved 1179648K
  class space    used 12946K, committed 13888K, reserved 1048576K
}
Event: 21.187 GC heap after
{Heap after GC invocations=36 (full 0):
 garbage-first heap   total 128000K, used 77752K [0x0000000080000000, 0x0000000100000000)
  region size 1024K, 5 young (5120K), 5 survivors (5120K)
 Metaspace       used 95453K, committed 97344K, reserved 1179648K
  class space    used 12946K, committed 13888K, reserved 1048576K
}
Event: 21.495 GC heap before
{Heap before GC invocations=36 (full 0):
 garbage-first heap   total 128000K, used 111544K [0x0000000080000000, 0x0000000100000000)
  region size 1024K, 38 young (38912K), 5 survivors (5120K)
 Metaspace       used 95459K, committed 97344K, reserved 1179648K
  class space    used 12946K, committed 13888K, reserved 1048576K
}
Event: 21.504 GC heap after
{Heap after GC invocations=37 (full 0):
 garbage-first heap   total 129024K, used 87582K [0x0000000080000000, 0x0000000100000000)
  region size 1024K, 5 young (5120K), 5 survivors (5120K)
 Metaspace       used 95459K, committed 97344K, reserved 1179648K
  class space    used 12946K, committed 13888K, reserved 1048576K
}
Event: 27.174 GC heap before
{Heap before GC invocations=37 (full 0):
 garbage-first heap   total 129024K, used 113182K [0x0000000080000000, 0x0000000100000000)
  region size 1024K, 30 young (30720K), 5 survivors (5120K)
 Metaspace       used 98398K, committed 100288K, reserved 1179648K
  class space    used 13298K, committed 14208K, reserved 1048576K
}
Event: 27.178 GC heap after
{Heap after GC invocations=38 (full 0):
 garbage-first heap   total 129024K, used 90469K [0x0000000080000000, 0x0000000100000000)
  region size 1024K, 2 young (2048K), 2 survivors (2048K)
 Metaspace       used 98398K, committed 100288K, reserved 1179648K
  class space    used 13298K, committed 14208K, reserved 1048576K
}
Event: 29.635 GC heap before
{Heap before GC invocations=39 (full 0):
 garbage-first heap   total 152576K, used 123237K [0x0000000080000000, 0x0000000100000000)
  region size 1024K, 27 young (27648K), 2 survivors (2048K)
 Metaspace       used 101095K, committed 102912K, reserved 1179648K
  class space    used 13571K, committed 14464K, reserved 1048576K
}
Event: 29.638 GC heap after
{Heap after GC invocations=40 (full 0):
 garbage-first heap   total 152576K, used 99957K [0x0000000080000000, 0x0000000100000000)
  region size 1024K, 4 young (4096K), 4 survivors (4096K)
 Metaspace       used 101095K, committed 102912K, reserved 1179648K
  class space    used 13571K, committed 14464K, reserved 1048576K
}
Event: 30.149 GC heap before
{Heap before GC invocations=40 (full 0):
 garbage-first heap   total 152576K, used 133749K [0x0000000080000000, 0x0000000100000000)
  region size 1024K, 38 young (38912K), 4 survivors (4096K)
 Metaspace       used 105540K, committed 107392K, reserved 1179648K
  class space    used 13941K, committed 14848K, reserved 1048576K
}
Event: 30.153 GC heap after
{Heap after GC invocations=41 (full 0):
 garbage-first heap   total 152576K, used 102231K [0x0000000080000000, 0x0000000100000000)
  region size 1024K, 5 young (5120K), 5 survivors (5120K)
 Metaspace       used 105540K, committed 107392K, reserved 1179648K
  class space    used 13941K, committed 14848K, reserved 1048576K
}
Event: 30.610 GC heap before
{Heap before GC invocations=41 (full 0):
 garbage-first heap   total 152576K, used 137047K [0x0000000080000000, 0x0000000100000000)
  region size 1024K, 39 young (39936K), 5 survivors (5120K)
 Metaspace       used 109678K, committed 111872K, reserved 1179648K
  class space    used 14516K, committed 15616K, reserved 1048576K
}
Event: 30.614 GC heap after
{Heap after GC invocations=42 (full 0):
 garbage-first heap   total 152576K, used 104263K [0x0000000080000000, 0x0000000100000000)
  region size 1024K, 2 young (2048K), 2 survivors (2048K)
 Metaspace       used 109678K, committed 111872K, reserved 1179648K
  class space    used 14516K, committed 15616K, reserved 1048576K
}
Event: 33.534 GC heap before
{Heap before GC invocations=43 (full 0):
 garbage-first heap   total 174080K, used 139079K [0x0000000080000000, 0x0000000100000000)
  region size 1024K, 36 young (36864K), 2 survivors (2048K)
 Metaspace       used 114487K, committed 116672K, reserved 1179648K
  class space    used 15104K, committed 16192K, reserved 1048576K
}
Event: 33.538 GC heap after
{Heap after GC invocations=44 (full 0):
 garbage-first heap   total 174080K, used 106301K [0x0000000080000000, 0x0000000100000000)
  region size 1024K, 4 young (4096K), 4 survivors (4096K)
 Metaspace       used 114487K, committed 116672K, reserved 1179648K
  class space    used 15104K, committed 16192K, reserved 1048576K
}

