# JRE version: OpenJDK Runtime Environment JBR-21.0.4+13-509.17-jcef (21.0.4+13) (build 21.0.4+13-b509.17)
# Java VM: OpenJDK 64-Bit Server VM JBR-21.0.4+13-509.17-jcef (21.0.4+13-b509.17, mixed mode, tiered, compressed oops, compressed class ptrs, g1 gc, windows-amd64)
GC Precious Log:
 CardTable entry size: 512
 Card Set container configuration: InlinePtr #cards 5 size 8 Array Of Cards #cards 12 size 40 Howl #buckets 4 coarsen threshold 1843 Howl Bitmap #cards 512 size 80 coarsen threshold 460 Card regions per heap region 1 cards per card region 2048
 CPUs: 16 total, 16 available
 Memory: 6005M
 Large Page Support: Disabled
 NUMA Support: Disabled
 Compressed Oops: Enabled (32-bit)
 Heap Region Size: 1M
 Heap Min Capacity: 8M
 Heap Initial Capacity: 94M
 Heap Max Capacity: 2G
 Pre-touch: Disabled
 Parallel Workers: 13
 Concurrent Workers: 3
 Concurrent Refinement Workers: 13
 Periodic GC: Disabled
Heap:
 garbage-first heap   total 116736K, used 89537K [0x0000000080000000, 0x0000000100000000)
  region size 1024K, 25 young (25600K), 4 survivors (4096K)
 Metaspace       used 65132K, committed 66880K, reserved 1114112K
  class space    used 8684K, committed 9536K, reserved 1048576K
GC Heap History (20 events):
Event: 5.955 GC heap before
{Heap before GC invocations=6 (full 0):
 garbage-first heap   total 76800K, used 44766K [0x0000000080000000, 0x0000000100000000)
  region size 1024K, 17 young (17408K), 5 survivors (5120K)
 Metaspace       used 35296K, committed 36096K, reserved 1114112K
  class space    used 4537K, committed 4928K, reserved 1048576K
}
Event: 5.959 GC heap after
{Heap after GC invocations=7 (full 0):
 garbage-first heap   total 76800K, used 37213K [0x0000000080000000, 0x0000000100000000)
  region size 1024K, 5 young (5120K), 5 survivors (5120K)
 Metaspace       used 35296K, committed 36096K, reserved 1114112K
  class space    used 4537K, committed 4928K, reserved 1048576K
}
Event: 6.494 GC heap before
{Heap before GC invocations=8 (full 0):
 garbage-first heap   total 76800K, used 65885K [0x0000000080000000, 0x0000000100000000)
  region size 1024K, 32 young (32768K), 5 survivors (5120K)
 Metaspace       used 38695K, committed 39680K, reserved 1114112K
  class space    used 5096K, committed 5568K, reserved 1048576K
}
Event: 6.497 GC heap after
{Heap after GC invocations=9 (full 0):
 garbage-first heap   total 76800K, used 40188K [0x0000000080000000, 0x0000000100000000)
  region size 1024K, 3 young (3072K), 3 survivors (3072K)
 Metaspace       used 38695K, committed 39680K, reserved 1114112K
  class space    used 5096K, committed 5568K, reserved 1048576K
}
Event: 6.876 GC heap before
{Heap before GC invocations=9 (full 0):
 garbage-first heap   total 76800K, used 65788K [0x0000000080000000, 0x0000000100000000)
  region size 1024K, 28 young (28672K), 3 survivors (3072K)
 Metaspace       used 41968K, committed 43200K, reserved 1114112K
  class space    used 5621K, committed 6208K, reserved 1048576K
}
Event: 6.879 GC heap after
{Heap after GC invocations=10 (full 0):
 garbage-first heap   total 76800K, used 41134K [0x0000000080000000, 0x0000000100000000)
  region size 1024K, 4 young (4096K), 4 survivors (4096K)
 Metaspace       used 41968K, committed 43200K, reserved 1114112K
  class space    used 5621K, committed 6208K, reserved 1048576K
}
Event: 7.820 GC heap before
{Heap before GC invocations=10 (full 0):
 garbage-first heap   total 76800K, used 65710K [0x0000000080000000, 0x0000000100000000)
  region size 1024K, 28 young (28672K), 4 survivors (4096K)
 Metaspace       used 47551K, committed 48768K, reserved 1114112K
  class space    used 6258K, committed 6848K, reserved 1048576K
}
Event: 7.824 GC heap after
{Heap after GC invocations=11 (full 0):
 garbage-first heap   total 76800K, used 43729K [0x0000000080000000, 0x0000000100000000)
  region size 1024K, 4 young (4096K), 4 survivors (4096K)
 Metaspace       used 47551K, committed 48768K, reserved 1114112K
  class space    used 6258K, committed 6848K, reserved 1048576K
}
Event: 8.035 GC heap before
{Heap before GC invocations=12 (full 0):
 garbage-first heap   total 76800K, used 65233K [0x0000000080000000, 0x0000000100000000)
  region size 1024K, 26 young (26624K), 4 survivors (4096K)
 Metaspace       used 49374K, committed 50624K, reserved 1114112K
  class space    used 6458K, committed 7040K, reserved 1048576K
}
Event: 8.039 GC heap after
{Heap after GC invocations=13 (full 0):
 garbage-first heap   total 76800K, used 46310K [0x0000000080000000, 0x0000000100000000)
  region size 1024K, 3 young (3072K), 3 survivors (3072K)
 Metaspace       used 49374K, committed 50624K, reserved 1114112K
  class space    used 6458K, committed 7040K, reserved 1048576K
}
Event: 8.569 GC heap before
{Heap before GC invocations=13 (full 0):
 garbage-first heap   total 76800K, used 72934K [0x0000000080000000, 0x0000000100000000)
  region size 1024K, 24 young (24576K), 3 survivors (3072K)
 Metaspace       used 51346K, committed 52608K, reserved 1114112K
  class space    used 6621K, committed 7232K, reserved 1048576K
}
Event: 8.573 GC heap after
{Heap after GC invocations=14 (full 0):
 garbage-first heap   total 95232K, used 47410K [0x0000000080000000, 0x0000000100000000)
  region size 1024K, 3 young (3072K), 3 survivors (3072K)
 Metaspace       used 51346K, committed 52608K, reserved 1114112K
  class space    used 6621K, committed 7232K, reserved 1048576K
}
Event: 9.444 GC heap before
{Heap before GC invocations=14 (full 0):
 garbage-first heap   total 95232K, used 82226K [0x0000000080000000, 0x0000000100000000)
  region size 1024K, 37 young (37888K), 3 survivors (3072K)
 Metaspace       used 55331K, committed 56768K, reserved 1114112K
  class space    used 7278K, committed 8000K, reserved 1048576K
}
Event: 9.448 GC heap after
{Heap after GC invocations=15 (full 0):
 garbage-first heap   total 95232K, used 49825K [0x0000000080000000, 0x0000000100000000)
  region size 1024K, 3 young (3072K), 3 survivors (3072K)
 Metaspace       used 55331K, committed 56768K, reserved 1114112K
  class space    used 7278K, committed 8000K, reserved 1048576K
}
Event: 17.570 GC heap before
{Heap before GC invocations=16 (full 0):
 garbage-first heap   total 95232K, used 93857K [0x0000000080000000, 0x0000000100000000)
  region size 1024K, 33 young (33792K), 3 survivors (3072K)
 Metaspace       used 57951K, committed 59456K, reserved 1114112K
  class space    used 7518K, committed 8256K, reserved 1048576K
}
Event: 17.575 GC heap after
{Heap after GC invocations=17 (full 0):
 garbage-first heap   total 103424K, used 67100K [0x0000000080000000, 0x0000000100000000)
  region size 1024K, 5 young (5120K), 5 survivors (5120K)
 Metaspace       used 57951K, committed 59456K, reserved 1114112K
  class space    used 7518K, committed 8256K, reserved 1048576K
}
Event: 18.943 GC heap before
{Heap before GC invocations=17 (full 0):
 garbage-first heap   total 103424K, used 91676K [0x0000000080000000, 0x0000000100000000)
  region size 1024K, 29 young (29696K), 5 survivors (5120K)
 Metaspace       used 60068K, committed 61568K, reserved 1114112K
  class space    used 7875K, committed 8640K, reserved 1048576K
}
Event: 18.946 GC heap after
{Heap after GC invocations=18 (full 0):
 garbage-first heap   total 103424K, used 66942K [0x0000000080000000, 0x0000000100000000)
  region size 1024K, 2 young (2048K), 2 survivors (2048K)
 Metaspace       used 60068K, committed 61568K, reserved 1114112K
  class space    used 7875K, committed 8640K, reserved 1048576K
}
Event: 19.552 GC heap before
{Heap before GC invocations=18 (full 0):
 garbage-first heap   total 103424K, used 92542K [0x0000000080000000, 0x0000000100000000)
  region size 1024K, 28 young (28672K), 2 survivors (2048K)
 Metaspace       used 63253K, committed 64896K, reserved 1114112K
  class space    used 8354K, committed 9152K, reserved 1048576K
}
Event: 19.555 GC heap after
{Heap after GC invocations=19 (full 0):
 garbage-first heap   total 103424K, used 69057K [0x0000000080000000, 0x0000000100000000)
  region size 1024K, 4 young (4096K), 4 survivors (4096K)
 Metaspace       used 63253K, committed 64896K, reserved 1114112K
  class space    used 8354K, committed 9152K, reserved 1048576K
}

