# JRE version: OpenJDK Runtime Environment JBR-21.0.4+13-509.17-jcef (21.0.4+13) (build 21.0.4+13-b509.17)
# Java VM: OpenJDK 64-Bit Server VM JBR-21.0.4+13-509.17-jcef (21.0.4+13-b509.17, mixed mode, tiered, compressed oops, compressed class ptrs, g1 gc, windows-amd64)
GC Precious Log:
 CardTable entry size: 512
 Card Set container configuration: InlinePtr #cards 5 size 8 Array Of Cards #cards 12 size 40 Howl #buckets 4 coarsen threshold 1843 Howl Bitmap #cards 512 size 80 coarsen threshold 460 Card regions per heap region 1 cards per card region 2048
 CPUs: 16 total, 16 available
 Memory: 6005M
 Large Page Support: Disabled
 NUMA Support: Disabled
 Compressed Oops: Enabled (32-bit)
 Heap Region Size: 1M
 Heap Min Capacity: 8M
 Heap Initial Capacity: 94M
 Heap Max Capacity: 2G
 Pre-touch: Disabled
 Parallel Workers: 13
 Concurrent Workers: 3
 Concurrent Refinement Workers: 13
 Periodic GC: Disabled
Heap:
 garbage-first heap   total 181248K, used 128652K [0x0000000080000000, 0x0000000100000000)
  region size 1024K, 15 young (15360K), 4 survivors (4096K)
 Metaspace       used 138064K, committed 140224K, reserved 1179648K
  class space    used 17316K, committed 18368K, reserved 1048576K
GC Heap History (20 events):
Event: 32.816 GC heap before
{Heap before GC invocations=33 (full 0):
 garbage-first heap   total 128000K, used 115592K [0x0000000080000000, 0x0000000100000000)
  region size 1024K, 36 young (36864K), 5 survivors (5120K)
 Metaspace       used 119684K, committed 121536K, reserved 1179648K
  class space    used 14882K, committed 15808K, reserved 1048576K
}
Event: 32.820 GC heap after
{Heap after GC invocations=34 (full 0):
 garbage-first heap   total 153600K, used 86089K [0x0000000080000000, 0x0000000100000000)
  region size 1024K, 3 young (3072K), 3 survivors (3072K)
 Metaspace       used 119684K, committed 121536K, reserved 1179648K
  class space    used 14882K, committed 15808K, reserved 1048576K
}
Event: 34.711 GC heap before
{Heap before GC invocations=35 (full 0):
 garbage-first heap   total 153600K, used 138313K [0x0000000080000000, 0x0000000100000000)
  region size 1024K, 54 young (55296K), 3 survivors (3072K)
 Metaspace       used 125416K, committed 127360K, reserved 1179648K
  class space    used 15756K, committed 16704K, reserved 1048576K
}
Event: 34.716 GC heap after
{Heap after GC invocations=36 (full 0):
 garbage-first heap   total 153600K, used 90655K [0x0000000080000000, 0x0000000100000000)
  region size 1024K, 7 young (7168K), 7 survivors (7168K)
 Metaspace       used 125416K, committed 127360K, reserved 1179648K
  class space    used 15756K, committed 16704K, reserved 1048576K
}
Event: 35.373 GC heap before
{Heap before GC invocations=36 (full 0):
 garbage-first heap   total 153600K, used 138783K [0x0000000080000000, 0x0000000100000000)
  region size 1024K, 53 young (54272K), 7 survivors (7168K)
 Metaspace       used 126782K, committed 128768K, reserved 1179648K
  class space    used 15941K, committed 16896K, reserved 1048576K
}
Event: 35.380 GC heap after
{Heap after GC invocations=37 (full 0):
 garbage-first heap   total 155648K, used 92356K [0x0000000080000000, 0x0000000100000000)
  region size 1024K, 6 young (6144K), 6 survivors (6144K)
 Metaspace       used 126782K, committed 128768K, reserved 1179648K
  class space    used 15941K, committed 16896K, reserved 1048576K
}
Event: 35.479 GC heap before
{Heap before GC invocations=37 (full 0):
 garbage-first heap   total 155648K, used 100548K [0x0000000080000000, 0x0000000100000000)
  region size 1024K, 15 young (15360K), 6 survivors (6144K)
 Metaspace       used 126782K, committed 128768K, reserved 1179648K
  class space    used 15941K, committed 16896K, reserved 1048576K
}
Event: 35.482 GC heap after
{Heap after GC invocations=38 (full 0):
 garbage-first heap   total 155648K, used 93357K [0x0000000080000000, 0x0000000100000000)
  region size 1024K, 4 young (4096K), 4 survivors (4096K)
 Metaspace       used 126782K, committed 128768K, reserved 1179648K
  class space    used 15941K, committed 16896K, reserved 1048576K
}
Event: 36.227 GC heap before
{Heap before GC invocations=39 (full 0):
 garbage-first heap   total 158720K, used 143533K [0x0000000080000000, 0x0000000100000000)
  region size 1024K, 48 young (49152K), 4 survivors (4096K)
 Metaspace       used 126907K, committed 128960K, reserved 1179648K
  class space    used 15943K, committed 16960K, reserved 1048576K
}
Event: 36.235 GC heap after
{Heap after GC invocations=40 (full 0):
 garbage-first heap   total 158720K, used 105472K [0x0000000080000000, 0x0000000100000000)
  region size 1024K, 6 young (6144K), 6 survivors (6144K)
 Metaspace       used 126907K, committed 128960K, reserved 1179648K
  class space    used 15943K, committed 16960K, reserved 1048576K
}
Event: 36.291 GC heap before
{Heap before GC invocations=40 (full 0):
 garbage-first heap   total 158720K, used 142336K [0x0000000080000000, 0x0000000100000000)
  region size 1024K, 41 young (41984K), 6 survivors (6144K)
 Metaspace       used 126909K, committed 128960K, reserved 1179648K
  class space    used 15943K, committed 16960K, reserved 1048576K
}
Event: 36.297 GC heap after
{Heap after GC invocations=41 (full 0):
 garbage-first heap   total 158720K, used 99326K [0x0000000080000000, 0x0000000100000000)
  region size 1024K, 3 young (3072K), 3 survivors (3072K)
 Metaspace       used 126909K, committed 128960K, reserved 1179648K
  class space    used 15943K, committed 16960K, reserved 1048576K
}
Event: 36.615 GC heap before
{Heap before GC invocations=41 (full 0):
 garbage-first heap   total 158720K, used 125950K [0x0000000080000000, 0x0000000100000000)
  region size 1024K, 30 young (30720K), 3 survivors (3072K)
 Metaspace       used 127912K, committed 129920K, reserved 1179648K
  class space    used 16028K, committed 17024K, reserved 1048576K
}
Event: 36.618 GC heap after
{Heap after GC invocations=42 (full 0):
 garbage-first heap   total 158720K, used 105013K [0x0000000080000000, 0x0000000100000000)
  region size 1024K, 6 young (6144K), 6 survivors (6144K)
 Metaspace       used 127912K, committed 129920K, reserved 1179648K
  class space    used 16028K, committed 17024K, reserved 1048576K
}
Event: 37.213 GC heap before
{Heap before GC invocations=43 (full 0):
 garbage-first heap   total 181248K, used 144949K [0x0000000080000000, 0x0000000100000000)
  region size 1024K, 42 young (43008K), 6 survivors (6144K)
 Metaspace       used 130679K, committed 132800K, reserved 1179648K
  class space    used 16401K, committed 17472K, reserved 1048576K
}
Event: 37.217 GC heap after
{Heap after GC invocations=44 (full 0):
 garbage-first heap   total 181248K, used 111476K [0x0000000080000000, 0x0000000100000000)
  region size 1024K, 4 young (4096K), 4 survivors (4096K)
 Metaspace       used 130679K, committed 132800K, reserved 1179648K
  class space    used 16401K, committed 17472K, reserved 1048576K
}
Event: 38.966 GC heap before
{Heap before GC invocations=44 (full 0):
 garbage-first heap   total 181248K, used 160628K [0x0000000080000000, 0x0000000100000000)
  region size 1024K, 52 young (53248K), 4 survivors (4096K)
 Metaspace       used 135844K, committed 137920K, reserved 1179648K
  class space    used 17041K, committed 18048K, reserved 1048576K
}
Event: 38.971 GC heap after
{Heap after GC invocations=45 (full 0):
 garbage-first heap   total 181248K, used 111360K [0x0000000080000000, 0x0000000100000000)
  region size 1024K, 5 young (5120K), 5 survivors (5120K)
 Metaspace       used 135844K, committed 137920K, reserved 1179648K
  class space    used 17041K, committed 18048K, reserved 1048576K
}
Event: 40.818 GC heap before
{Heap before GC invocations=45 (full 0):
 garbage-first heap   total 181248K, used 125696K [0x0000000080000000, 0x0000000100000000)
  region size 1024K, 20 young (20480K), 5 survivors (5120K)
 Metaspace       used 138049K, committed 140224K, reserved 1179648K
  class space    used 17316K, committed 18368K, reserved 1048576K
}
Event: 40.827 GC heap after
{Heap after GC invocations=46 (full 0):
 garbage-first heap   total 181248K, used 113292K [0x0000000080000000, 0x0000000100000000)
  region size 1024K, 4 young (4096K), 4 survivors (4096K)
 Metaspace       used 138049K, committed 140224K, reserved 1179648K
  class space    used 17316K, committed 18368K, reserved 1048576K
}

