# JRE version: OpenJDK Runtime Environment JBR-21.0.4+13-509.17-jcef (21.0.4+13) (build 21.0.4+13-b509.17)
# Java VM: OpenJDK 64-Bit Server VM JBR-21.0.4+13-509.17-jcef (21.0.4+13-b509.17, mixed mode, tiered, compressed oops, compressed class ptrs, g1 gc, windows-amd64)
GC Precious Log:
 CardTable entry size: 512
 Card Set container configuration: InlinePtr #cards 5 size 8 Array Of Cards #cards 12 size 40 Howl #buckets 4 coarsen threshold 1843 Howl Bitmap #cards 512 size 80 coarsen threshold 460 Card regions per heap region 1 cards per card region 2048
 CPUs: 16 total, 16 available
 Memory: 6005M
 Large Page Support: Disabled
 NUMA Support: Disabled
 Compressed Oops: Enabled (32-bit)
 Heap Region Size: 1M
 Heap Min Capacity: 8M
 Heap Initial Capacity: 94M
 Heap Max Capacity: 2G
 Pre-touch: Disabled
 Parallel Workers: 13
 Concurrent Workers: 3
 Concurrent Refinement Workers: 13
 Periodic GC: Disabled
Heap:
 garbage-first heap   total 183296K, used 160385K [0x0000000080000000, 0x0000000100000000)
  region size 1024K, 53 young (54272K), 8 survivors (8192K)
 Metaspace       used 125539K, committed 127872K, reserved 1179648K
  class space    used 16154K, committed 17344K, reserved 1048576K
GC Heap History (20 events):
Event: 12.493 GC heap before
{Heap before GC invocations=27 (full 0):
 garbage-first heap   total 129024K, used 120634K [0x0000000080000000, 0x0000000100000000)
  region size 1024K, 44 young (45056K), 2 survivors (2048K)
 Metaspace       used 95619K, committed 97536K, reserved 1179648K
  class space    used 12943K, committed 13888K, reserved 1048576K
}
Event: 12.497 GC heap after
{Heap after GC invocations=28 (full 0):
 garbage-first heap   total 129024K, used 81210K [0x0000000080000000, 0x0000000100000000)
  region size 1024K, 6 young (6144K), 6 survivors (6144K)
 Metaspace       used 95619K, committed 97536K, reserved 1179648K
  class space    used 12943K, committed 13888K, reserved 1048576K
}
Event: 12.626 GC heap before
{Heap before GC invocations=28 (full 0):
 garbage-first heap   total 129024K, used 115002K [0x0000000080000000, 0x0000000100000000)
  region size 1024K, 39 young (39936K), 6 survivors (6144K)
 Metaspace       used 95746K, committed 97664K, reserved 1179648K
  class space    used 12947K, committed 13888K, reserved 1048576K
}
Event: 12.634 GC heap after
{Heap after GC invocations=29 (full 0):
 garbage-first heap   total 131072K, used 83968K [0x0000000080000000, 0x0000000100000000)
  region size 1024K, 5 young (5120K), 5 survivors (5120K)
 Metaspace       used 95746K, committed 97664K, reserved 1179648K
  class space    used 12947K, committed 13888K, reserved 1048576K
}
Event: 13.151 GC heap before
{Heap before GC invocations=30 (full 0):
 garbage-first heap   total 140288K, used 114688K [0x0000000080000000, 0x0000000100000000)
  region size 1024K, 35 young (35840K), 5 survivors (5120K)
 Metaspace       used 96475K, committed 98368K, reserved 1179648K
  class space    used 13052K, committed 13952K, reserved 1048576K
}
Event: 13.157 GC heap after
{Heap after GC invocations=31 (full 0):
 garbage-first heap   total 140288K, used 91036K [0x0000000080000000, 0x0000000100000000)
  region size 1024K, 5 young (5120K), 5 survivors (5120K)
 Metaspace       used 96475K, committed 98368K, reserved 1179648K
  class space    used 13052K, committed 13952K, reserved 1048576K
}
Event: 16.972 GC heap before
{Heap before GC invocations=31 (full 0):
 garbage-first heap   total 140288K, used 129948K [0x0000000080000000, 0x0000000100000000)
  region size 1024K, 36 young (36864K), 5 survivors (5120K)
 Metaspace       used 100561K, committed 102400K, reserved 1179648K
  class space    used 13493K, committed 14400K, reserved 1048576K
}
Event: 16.976 GC heap after
{Heap after GC invocations=32 (full 0):
 garbage-first heap   total 140288K, used 100709K [0x0000000080000000, 0x0000000100000000)
  region size 1024K, 3 young (3072K), 3 survivors (3072K)
 Metaspace       used 100561K, committed 102400K, reserved 1179648K
  class space    used 13493K, committed 14400K, reserved 1048576K
}
Event: 17.415 GC heap before
{Heap before GC invocations=32 (full 0):
 garbage-first heap   total 140288K, used 126309K [0x0000000080000000, 0x0000000100000000)
  region size 1024K, 28 young (28672K), 3 survivors (3072K)
 Metaspace       used 103398K, committed 105280K, reserved 1179648K
  class space    used 13780K, committed 14720K, reserved 1048576K
}
Event: 17.418 GC heap after
{Heap after GC invocations=33 (full 0):
 garbage-first heap   total 140288K, used 103315K [0x0000000080000000, 0x0000000100000000)
  region size 1024K, 3 young (3072K), 3 survivors (3072K)
 Metaspace       used 103398K, committed 105280K, reserved 1179648K
  class space    used 13780K, committed 14720K, reserved 1048576K
}
Event: 17.762 GC heap before
{Heap before GC invocations=34 (full 0):
 garbage-first heap   total 174080K, used 125843K [0x0000000080000000, 0x0000000100000000)
  region size 1024K, 26 young (26624K), 3 survivors (3072K)
 Metaspace       used 106441K, committed 108352K, reserved 1179648K
  class space    used 14033K, committed 14976K, reserved 1048576K
}
Event: 17.765 GC heap after
{Heap after GC invocations=35 (full 0):
 garbage-first heap   total 174080K, used 105482K [0x0000000080000000, 0x0000000100000000)
  region size 1024K, 3 young (3072K), 3 survivors (3072K)
 Metaspace       used 106441K, committed 108352K, reserved 1179648K
  class space    used 14033K, committed 14976K, reserved 1048576K
}
Event: 18.430 GC heap before
{Heap before GC invocations=35 (full 0):
 garbage-first heap   total 174080K, used 152586K [0x0000000080000000, 0x0000000100000000)
  region size 1024K, 50 young (51200K), 3 survivors (3072K)
 Metaspace       used 112081K, committed 114304K, reserved 1179648K
  class space    used 14764K, committed 15872K, reserved 1048576K
}
Event: 18.434 GC heap after
{Heap after GC invocations=36 (full 0):
 garbage-first heap   total 174080K, used 106770K [0x0000000080000000, 0x0000000100000000)
  region size 1024K, 5 young (5120K), 5 survivors (5120K)
 Metaspace       used 112081K, committed 114304K, reserved 1179648K
  class space    used 14764K, committed 15872K, reserved 1048576K
}
Event: 18.843 GC heap before
{Heap before GC invocations=36 (full 0):
 garbage-first heap   total 174080K, used 128274K [0x0000000080000000, 0x0000000100000000)
  region size 1024K, 27 young (27648K), 5 survivors (5120K)
 Metaspace       used 115767K, committed 118016K, reserved 1179648K
  class space    used 15221K, committed 16384K, reserved 1048576K
}
Event: 18.847 GC heap after
{Heap after GC invocations=37 (full 0):
 garbage-first heap   total 174080K, used 108149K [0x0000000080000000, 0x0000000100000000)
  region size 1024K, 5 young (5120K), 5 survivors (5120K)
 Metaspace       used 115767K, committed 118016K, reserved 1179648K
  class space    used 15221K, committed 16384K, reserved 1048576K
}
Event: 21.726 GC heap before
{Heap before GC invocations=38 (full 0):
 garbage-first heap   total 183296K, used 159349K [0x0000000080000000, 0x0000000100000000)
  region size 1024K, 54 young (55296K), 5 survivors (5120K)
 Metaspace       used 118208K, committed 120448K, reserved 1179648K
  class space    used 15488K, committed 16640K, reserved 1048576K
}
Event: 21.731 GC heap after
{Heap after GC invocations=39 (full 0):
 garbage-first heap   total 183296K, used 111657K [0x0000000080000000, 0x0000000100000000)
  region size 1024K, 5 young (5120K), 5 survivors (5120K)
 Metaspace       used 118208K, committed 120448K, reserved 1179648K
  class space    used 15488K, committed 16640K, reserved 1048576K
}
Event: 22.868 GC heap before
{Heap before GC invocations=39 (full 0):
 garbage-first heap   total 183296K, used 164905K [0x0000000080000000, 0x0000000100000000)
  region size 1024K, 57 young (58368K), 5 survivors (5120K)
 Metaspace       used 120871K, committed 123072K, reserved 1179648K
  class space    used 15746K, committed 16896K, reserved 1048576K
}
Event: 22.873 GC heap after
{Heap after GC invocations=40 (full 0):
 garbage-first heap   total 183296K, used 115329K [0x0000000080000000, 0x0000000100000000)
  region size 1024K, 8 young (8192K), 8 survivors (8192K)
 Metaspace       used 120871K, committed 123072K, reserved 1179648K
  class space    used 15746K, committed 16896K, reserved 1048576K
}

